This is pdfTeX, Version 3.1415926-2.5-1.40.14 (TeX Live 2013) (format=pdflatex 2013.5.30)  17 NOV 2014 13:04
entering extended mode
 restricted \write18 enabled.
 %&-line parsing enabled.
**sib_spec.tex -recorder
(./sib_spec.tex
LaTeX2e <2011/06/27>
Babel <3.9f> and hyphenation patterns for 78 languages loaded.
(./ldbc.cls
Document Class: ldbc 
(/usr/local/texlive/2013/texmf-dist/tex/latex/base/book.cls
Document Class: book 2007/10/19 v1.4h Standard LaTeX document class
(/usr/local/texlive/2013/texmf-dist/tex/latex/base/bk11.clo
File: bk11.clo 2007/10/19 v1.4h Standard LaTeX file (size option)
)
\c@part=\count79
\c@chapter=\count80
\c@section=\count81
\c@subsection=\count82
\c@subsubsection=\count83
\c@paragraph=\count84
\c@subparagraph=\count85
\c@figure=\count86
\c@table=\count87
\abovecaptionskip=\skip41
\belowcaptionskip=\skip42
\bibindent=\dimen102
)
(/usr/local/texlive/2013/texmf-dist/tex/latex/fancyhdr/fancyhdr.sty
\fancy@headwidth=\skip43
\f@ncyO@elh=\skip44
\f@ncyO@erh=\skip45
\f@ncyO@olh=\skip46
\f@ncyO@orh=\skip47
\f@ncyO@elf=\skip48
\f@ncyO@erf=\skip49
\f@ncyO@olf=\skip50
\f@ncyO@orf=\skip51
)
(/usr/local/texlive/2013/texmf-dist/tex/latex/graphics/graphicx.sty
Package: graphicx 1999/02/16 v1.0f Enhanced LaTeX Graphics (DPC,SPQR)

(/usr/local/texlive/2013/texmf-dist/tex/latex/graphics/keyval.sty
Package: keyval 1999/03/16 v1.13 key=value parser (DPC)
\KV@toks@=\toks14
)
(/usr/local/texlive/2013/texmf-dist/tex/latex/graphics/graphics.sty
Package: graphics 2009/02/05 v1.0o Standard LaTeX Graphics (DPC,SPQR)

(/usr/local/texlive/2013/texmf-dist/tex/latex/graphics/trig.sty
Package: trig 1999/03/16 v1.09 sin cos tan (DPC)
)
(/usr/local/texlive/2013/texmf-dist/tex/latex/latexconfig/graphics.cfg
File: graphics.cfg 2010/04/23 v1.9 graphics configuration of TeX Live
)
Package graphics Info: Driver file: pdftex.def on input line 91.

(/usr/local/texlive/2013/texmf-dist/tex/latex/pdftex-def/pdftex.def
File: pdftex.def 2011/05/27 v0.06d Graphics/color for pdfTeX

(/usr/local/texlive/2013/texmf-dist/tex/generic/oberdiek/infwarerr.sty
Package: infwarerr 2010/04/08 v1.3 Providing info/warning/error messages (HO)
)
(/usr/local/texlive/2013/texmf-dist/tex/generic/oberdiek/ltxcmds.sty
Package: ltxcmds 2011/11/09 v1.22 LaTeX kernel commands for general use (HO)
)
\Gread@gobject=\count88
))
\Gin@req@height=\dimen103
\Gin@req@width=\dimen104
)
(/usr/local/texlive/2013/texmf-dist/tex/latex/graphics/epsfig.sty
Package: epsfig 1999/02/16 v1.7a (e)psfig emulation (SPQR)
\epsfxsize=\dimen105
\epsfysize=\dimen106
)
(/usr/local/texlive/2013/texmf-dist/tex/latex/graphics/color.sty
Package: color 2005/11/14 v1.0j Standard LaTeX Color (DPC)

(/usr/local/texlive/2013/texmf-dist/tex/latex/latexconfig/color.cfg
File: color.cfg 2007/01/18 v1.5 color configuration of teTeX/TeXLive
)
Package color Info: Driver file: pdftex.def on input line 130.
)
(/usr/local/texlive/2013/texmf-dist/tex/latex/url/url.sty
\Urlmuskip=\muskip10
Package: url 2006/04/12  ver 3.3  Verb mode for urls, etc.
)
(/usr/local/texlive/2013/texmf-dist/tex/latex/base/ifthen.sty
Package: ifthen 2001/05/26 v1.1c Standard LaTeX ifthen package (DPC)
)
(/usr/local/texlive/2013/texmf-dist/tex/latex/amsfonts/amssymb.sty
Package: amssymb 2013/01/14 v3.01 AMS font symbols

(/usr/local/texlive/2013/texmf-dist/tex/latex/amsfonts/amsfonts.sty
Package: amsfonts 2013/01/14 v3.01 Basic AMSFonts support
\@emptytoks=\toks15
\symAMSa=\mathgroup4
\symAMSb=\mathgroup5
LaTeX Font Info:    Overwriting math alphabet `\mathfrak' in version `bold'
(Font)                  U/euf/m/n --> U/euf/b/n on input line 106.
))
(/usr/local/texlive/2013/texmf-dist/tex/latex/tools/longtable.sty
Package: longtable 2004/02/01 v4.11 Multi-page Table package (DPC)
\LTleft=\skip52
\LTright=\skip53
\LTpre=\skip54
\LTpost=\skip55
\LTchunksize=\count89
\LTcapwidth=\dimen107
\LT@head=\box26
\LT@firsthead=\box27
\LT@foot=\box28
\LT@lastfoot=\box29
\LT@cols=\count90
\LT@rows=\count91
\c@LT@tables=\count92
\c@LT@chunks=\count93
\LT@p@ftn=\toks16
)
(/usr/local/texlive/2013/texmf-dist/tex/latex/psnfss/helvet.sty
Package: helvet 2005/04/12 PSNFSS-v9.2a (WaS) 
)
(/usr/local/texlive/2013/texmf-dist/tex/latex/tex-gyre/tgtermes.sty
Package: tgtermes 2009/09/27 v1.2 TeX Gyre Termes as default roman family

(/usr/local/texlive/2013/texmf-dist/tex/latex/oberdiek/kvoptions.sty
Package: kvoptions 2011/06/30 v3.11 Key value format for package options (HO)

(/usr/local/texlive/2013/texmf-dist/tex/generic/oberdiek/kvsetkeys.sty
Package: kvsetkeys 2012/04/25 v1.16 Key value parser (HO)

(/usr/local/texlive/2013/texmf-dist/tex/generic/oberdiek/etexcmds.sty
Package: etexcmds 2011/02/16 v1.5 Avoid name clashes with e-TeX commands (HO)

(/usr/local/texlive/2013/texmf-dist/tex/generic/oberdiek/ifluatex.sty
Package: ifluatex 2010/03/01 v1.3 Provides the ifluatex switch (HO)
Package ifluatex Info: LuaTeX not detected.
)
Package etexcmds Info: Could not find \expanded.
(etexcmds)             That can mean that you are not using pdfTeX 1.50 or
(etexcmds)             that some package has redefined \expanded.
(etexcmds)             In the latter case, load this package earlier.
))))
(/usr/local/texlive/2013/texmf-dist/tex/latex/relsize/relsize.sty
Package: relsize 2013/03/29 ver 4.1
)
(/usr/local/texlive/2013/texmf-dist/tex/latex/base/fontenc.sty
Package: fontenc 2005/09/27 v1.99g Standard LaTeX package

(/usr/local/texlive/2013/texmf-dist/tex/latex/base/t1enc.def
File: t1enc.def 2005/09/27 v1.99g Standard LaTeX file
LaTeX Font Info:    Redeclaring font encoding T1 on input line 43.
)
LaTeX Font Info:    Try loading font information for T1+qtm on input line 100.

(/usr/local/texlive/2013/texmf-dist/tex/latex/tex-gyre/t1qtm.fd
File: t1qtm.fd 2009/09/25 v1.2 font definition file for T1/qtm
))
(/usr/local/texlive/2013/texmf-dist/tex/latex/lastpage/lastpage.sty
Package: lastpage 2013/01/28 v1.2l Refers to last page's name (HMM; JPG)
)
(/usr/local/texlive/2013/texmf-dist/tex/latex/arydshln/arydshln.sty
Package: arydshln 2004/08/31 v1.71 
\dashlinedash=\dimen108
\dashlinegap=\dimen109
\adl@box=\box30
\adl@height=\dimen110
\adl@heightsave=\dimen111
\adl@depth=\dimen112
\adl@depthsave=\dimen113
\adl@finaldepth=\dimen114
\adl@columns=\count94
\adl@ncol=\count95
\adl@currentcolumn=\count96
\adl@currentcolumnsave=\count97
\adl@totalheight=\count98
\adl@totalheightsave=\count99
\adl@dash=\count100
\adl@gap=\count101
\adl@cla=\count102
\adl@clb=\count103
\adl@everyvbox=\toks17
\adl@LTpagetotal=\dimen115
)
(/usr/local/texlive/2013/texmf-dist/tex/latex/multirow/multirow.sty
\bigstrutjot=\dimen116
)
\c@dissemination-level=\count104
\c@nature-level=\count105
\c@isfinal=\count106
)
(/usr/local/texlive/2013/texmf-dist/tex/latex/float/float.sty
Package: float 2001/11/08 v1.3d Float enhancements (AL)
\c@float@type=\count107
\float@exts=\toks18
\float@box=\box31
\@float@everytoks=\toks19
\@floatcapt=\box32
)
(/usr/local/texlive/2013/texmf-dist/tex/latex/bbding/bbding.sty
Package: bbding 1999/04/15 v1.01 Dingbats symbols
)
(/usr/local/texlive/2013/texmf-dist/tex/latex/xcolor/xcolor.sty
Package: xcolor 2007/01/21 v2.11 LaTeX color extensions (UK)

(/usr/local/texlive/2013/texmf-dist/tex/latex/latexconfig/color.cfg
File: color.cfg 2007/01/18 v1.5 color configuration of teTeX/TeXLive
)
Package xcolor Info: Driver file: pdftex.def on input line 225.
LaTeX Info: Redefining \color on input line 702.
Package xcolor Info: Model `cmy' substituted by `cmy0' on input line 1337.
Package xcolor Info: Model `hsb' substituted by `rgb' on input line 1341.
Package xcolor Info: Model `RGB' extended on input line 1353.
Package xcolor Info: Model `HTML' substituted by `rgb' on input line 1355.
Package xcolor Info: Model `Hsb' substituted by `hsb' on input line 1356.
Package xcolor Info: Model `tHsb' substituted by `hsb' on input line 1357.
Package xcolor Info: Model `HSB' substituted by `hsb' on input line 1358.
Package xcolor Info: Model `Gray' substituted by `gray' on input line 1359.
Package xcolor Info: Model `wave' substituted by `hsb' on input line 1360.
)
(/usr/local/texlive/2013/texmf-dist/tex/latex/rotating/rotating.sty
Package: rotating 2009/03/28 v2.16a rotated objects in LaTeX
\c@r@tfl@t=\count108
\rotFPtop=\skip56
\rotFPbot=\skip57
\rot@float@box=\box33
\rot@mess@toks=\toks20
)
(/usr/local/texlive/2013/texmf-dist/tex/latex/psnfss/pifont.sty
Package: pifont 2005/04/12 PSNFSS-v9.2a Pi font support (SPQR) 
LaTeX Font Info:    Try loading font information for U+pzd on input line 63.

(/usr/local/texlive/2013/texmf-dist/tex/latex/psnfss/upzd.fd
File: upzd.fd 2001/06/04 font definitions for U/pzd.
)
LaTeX Font Info:    Try loading font information for U+psy on input line 64.

(/usr/local/texlive/2013/texmf-dist/tex/latex/psnfss/upsy.fd
File: upsy.fd 2001/06/04 font definitions for U/psy.
))
(/usr/local/texlive/2013/texmf-dist/tex/latex/subfigure/subfigure.sty
Package: subfigure 2002/03/15 v2.1.5 subfigure package
\subfigtopskip=\skip58
\subfigcapskip=\skip59
\subfigcaptopadj=\dimen117
\subfigbottomskip=\skip60
\subfigcapmargin=\dimen118
\subfiglabelskip=\skip61
\c@subfigure=\count109
\c@lofdepth=\count110
\c@subtable=\count111
\c@lotdepth=\count112

****************************************
* Local config file subfigure.cfg used *
****************************************
(/usr/local/texlive/2013/texmf-dist/tex/latex/subfigure/subfigure.cfg)
\subfig@top=\skip62
\subfig@bottom=\skip63
)
(/usr/local/texlive/2013/texmf-dist/tex/latex/amsmath/amsmath.sty
Package: amsmath 2013/01/14 v2.14 AMS math features
\@mathmargin=\skip64

For additional information on amsmath, use the `?' option.
(/usr/local/texlive/2013/texmf-dist/tex/latex/amsmath/amstext.sty
Package: amstext 2000/06/29 v2.01

(/usr/local/texlive/2013/texmf-dist/tex/latex/amsmath/amsgen.sty
File: amsgen.sty 1999/11/30 v2.0
\@emptytoks=\toks21
\ex@=\dimen119
))
(/usr/local/texlive/2013/texmf-dist/tex/latex/amsmath/amsbsy.sty
Package: amsbsy 1999/11/29 v1.2d
\pmbraise@=\dimen120
)
(/usr/local/texlive/2013/texmf-dist/tex/latex/amsmath/amsopn.sty
Package: amsopn 1999/12/14 v2.01 operator names
)
\inf@bad=\count113
LaTeX Info: Redefining \frac on input line 210.
\uproot@=\count114
\leftroot@=\count115
LaTeX Info: Redefining \overline on input line 306.
\classnum@=\count116
\DOTSCASE@=\count117
LaTeX Info: Redefining \ldots on input line 378.
LaTeX Info: Redefining \dots on input line 381.
LaTeX Info: Redefining \cdots on input line 466.
\Mathstrutbox@=\box34
\strutbox@=\box35
\big@size=\dimen121
LaTeX Font Info:    Redeclaring font encoding OML on input line 566.
LaTeX Font Info:    Redeclaring font encoding OMS on input line 567.
\macc@depth=\count118
\c@MaxMatrixCols=\count119
\dotsspace@=\muskip11
\c@parentequation=\count120
\dspbrk@lvl=\count121
\tag@help=\toks22
\row@=\count122
\column@=\count123
\maxfields@=\count124
\andhelp@=\toks23
\eqnshift@=\dimen122
\alignsep@=\dimen123
\tagshift@=\dimen124
\tagwidth@=\dimen125
\totwidth@=\dimen126
\lineht@=\dimen127
\@envbody=\toks24
\multlinegap=\skip65
\multlinetaggap=\skip66
\mathdisplay@stack=\toks25
LaTeX Info: Redefining \[ on input line 2665.
LaTeX Info: Redefining \] on input line 2666.
)
(/usr/local/texlive/2013/texmf-dist/tex/latex/graphics/lscape.sty
Package: lscape 2000/10/22 v3.01 Landscape Pages (DPC)
)
(/usr/local/texlive/2013/texmf-dist/tex/latex/listings/listings.sty
\lst@mode=\count125
\lst@gtempboxa=\box36
\lst@token=\toks26
\lst@length=\count126
\lst@currlwidth=\dimen128
\lst@column=\count127
\lst@pos=\count128
\lst@lostspace=\dimen129
\lst@width=\dimen130
\lst@newlines=\count129
\lst@lineno=\count130
\lst@maxwidth=\dimen131

(/usr/local/texlive/2013/texmf-dist/tex/latex/listings/lstmisc.sty
File: lstmisc.sty 2007/02/22 1.4 (Carsten Heinz)
\c@lstnumber=\count131
\lst@skipnumbers=\count132
\lst@framebox=\box37
)
(/usr/local/texlive/2013/texmf-dist/tex/latex/listings/listings.cfg
File: listings.cfg 2007/02/22 1.4 listings configuration
))
Package: listings 2007/02/22 1.4 (Carsten Heinz)

(./sib_spec.aux

LaTeX Warning: Label `section:data_generation' multiply defined.


LaTeX Warning: Label `numFriendsCumm' multiply defined.


LaTeX Warning: Label `sub@numFriendsCumm' multiply defined.


LaTeX Warning: Label `numPostPerUsers' multiply defined.


LaTeX Warning: Label `sub@numPostPerUsers' multiply defined.


LaTeX Warning: Label `numComPerUsers' multiply defined.


LaTeX Warning: Label `sub@numComPerUsers' multiply defined.


LaTeX Warning: Label `numFriendsCumm' multiply defined.


LaTeX Warning: Label `sub@numFriendsCumm' multiply defined.


LaTeX Warning: Label `numPostPerUsers' multiply defined.


LaTeX Warning: Label `sub@numPostPerUsers' multiply defined.


LaTeX Warning: Label `numComPerUsers' multiply defined.


LaTeX Warning: Label `sub@numComPerUsers' multiply defined.


LaTeX Warning: Label `numFriendsCumm' multiply defined.


LaTeX Warning: Label `sub@numFriendsCumm' multiply defined.


LaTeX Warning: Label `numPostPerUsers' multiply defined.


LaTeX Warning: Label `sub@numPostPerUsers' multiply defined.


LaTeX Warning: Label `numComPerUsers' multiply defined.


LaTeX Warning: Label `sub@numComPerUsers' multiply defined.


LaTeX Warning: Label `numFriendsCumm' multiply defined.


LaTeX Warning: Label `sub@numFriendsCumm' multiply defined.


LaTeX Warning: Label `numPostPerUsers' multiply defined.


LaTeX Warning: Label `sub@numPostPerUsers' multiply defined.


LaTeX Warning: Label `numComPerUsers' multiply defined.


LaTeX Warning: Label `sub@numComPerUsers' multiply defined.


LaTeX Warning: Label `fig:datadistSF10' multiply defined.


LaTeX Warning: Label `numFriendsCumm' multiply defined.


LaTeX Warning: Label `sub@numFriendsCumm' multiply defined.


LaTeX Warning: Label `numPostPerUsers' multiply defined.


LaTeX Warning: Label `sub@numPostPerUsers' multiply defined.


LaTeX Warning: Label `numComPerUsers' multiply defined.


LaTeX Warning: Label `sub@numComPerUsers' multiply defined.


LaTeX Warning: Label `numFriendsCumm' multiply defined.


LaTeX Warning: Label `sub@numFriendsCumm' multiply defined.


LaTeX Warning: Label `numPostPerUsers' multiply defined.


LaTeX Warning: Label `sub@numPostPerUsers' multiply defined.

)
\openout1 = `sib_spec.aux'.

LaTeX Font Info:    Checking defaults for OML/cmm/m/it on input line 135.
LaTeX Font Info:    ... okay on input line 135.
LaTeX Font Info:    Checking defaults for T1/cmr/m/n on input line 135.
LaTeX Font Info:    ... okay on input line 135.
LaTeX Font Info:    Checking defaults for OT1/cmr/m/n on input line 135.
LaTeX Font Info:    ... okay on input line 135.
LaTeX Font Info:    Checking defaults for OMS/cmsy/m/n on input line 135.
LaTeX Font Info:    ... okay on input line 135.
LaTeX Font Info:    Checking defaults for OMX/cmex/m/n on input line 135.
LaTeX Font Info:    ... okay on input line 135.
LaTeX Font Info:    Checking defaults for U/cmr/m/n on input line 135.
LaTeX Font Info:    ... okay on input line 135.
 (/usr/local/texlive/2013/texmf-dist/tex/context/base/supp-pdf.mkii
[Loading MPS to PDF converter (version 2006.09.02).]
\scratchcounter=\count133
\scratchdimen=\dimen132
\scratchbox=\box38
\nofMPsegments=\count134
\nofMParguments=\count135
\everyMPshowfont=\toks27
\MPscratchCnt=\count136
\MPscratchDim=\dimen133
\MPnumerator=\count137
\makeMPintoPDFobject=\count138
\everyMPtoPDFconversion=\toks28
) (/usr/local/texlive/2013/texmf-dist/tex/generic/oberdiek/pdftexcmds.sty
Package: pdftexcmds 2011/11/29 v0.20 Utility functions of pdfTeX for LuaTeX (HO
)

(/usr/local/texlive/2013/texmf-dist/tex/generic/oberdiek/ifpdf.sty
Package: ifpdf 2011/01/30 v2.3 Provides the ifpdf switch (HO)
Package ifpdf Info: pdfTeX in PDF mode is detected.
)
Package pdftexcmds Info: LuaTeX not detected.
Package pdftexcmds Info: \pdf@primitive is available.
Package pdftexcmds Info: \pdf@ifprimitive is available.
Package pdftexcmds Info: \pdfdraftmode found.
)
(/usr/local/texlive/2013/texmf-dist/tex/latex/oberdiek/epstopdf-base.sty
Package: epstopdf-base 2010/02/09 v2.5 Base part for package epstopdf

(/usr/local/texlive/2013/texmf-dist/tex/latex/oberdiek/grfext.sty
Package: grfext 2010/08/19 v1.1 Manage graphics extensions (HO)

(/usr/local/texlive/2013/texmf-dist/tex/generic/oberdiek/kvdefinekeys.sty
Package: kvdefinekeys 2011/04/07 v1.3 Define keys (HO)
))
Package grfext Info: Graphics extension search list:
(grfext)             [.png,.pdf,.jpg,.mps,.jpeg,.jbig2,.jb2,.PNG,.PDF,.JPG,.JPE
G,.JBIG2,.JB2,.eps]
(grfext)             \AppendGraphicsExtensions on input line 452.

(/usr/local/texlive/2013/texmf-dist/tex/latex/latexconfig/epstopdf-sys.cfg
File: epstopdf-sys.cfg 2010/07/13 v1.3 Configuration of (r)epstopdf for TeX Liv
e
))
Package lastpage Info: Please have a look at the pageslts package at
(lastpage)             http://www.ctan.org/tex-archive/ 
(lastpage)             macros/latex/contrib/pageslts/ 
(lastpage)             or
(lastpage)             http://www.ctan.org/tex-archive/ 
(lastpage)             install/macros/latex/contrib/pageslts.tds.zip
(lastpage)             ! on input line 135.
\c@lstlisting=\count139

<figures/ldbc-logo.png, id=1, 183.68625pt x 83.5622pt>
File: figures/ldbc-logo.png Graphic file (type png)

<use figures/ldbc-logo.png>
Package pdftex.def Info: figures/ldbc-logo.png used on input line 137.
(pdftex.def)             Requested size: 175.13997pt x 79.6678pt.
LaTeX Font Info:    Try loading font information for U+msa on input line 137.

(/usr/local/texlive/2013/texmf-dist/tex/latex/amsfonts/umsa.fd
File: umsa.fd 2013/01/14 v3.01 AMS symbols A
)
LaTeX Font Info:    Try loading font information for U+msb on input line 137.

(/usr/local/texlive/2013/texmf-dist/tex/latex/amsfonts/umsb.fd
File: umsb.fd 2013/01/14 v3.01 AMS symbols B
)
LaTeX Font Info:    Calculating math sizes for size <28.61185> on input line 13
7.


LaTeX Font Warning: Font shape `OT1/cmr/m/n' in size <28.61185> not available
(Font)              size <24.88> substituted on input line 137.


LaTeX Font Warning: Font shape `OT1/cmr/m/n' in size <20.0282> not available
(Font)              size <20.74> substituted on input line 137.


LaTeX Font Warning: Font shape `OML/cmm/m/it' in size <28.61185> not available
(Font)              size <24.88> substituted on input line 137.


LaTeX Font Warning: Font shape `OML/cmm/m/it' in size <20.0282> not available
(Font)              size <20.74> substituted on input line 137.


LaTeX Font Warning: Font shape `OMS/cmsy/m/n' in size <28.61185> not available
(Font)              size <24.88> substituted on input line 137.


LaTeX Font Warning: Font shape `OMS/cmsy/m/n' in size <20.0282> not available
(Font)              size <20.74> substituted on input line 137.


Overfull \hbox (0.61908pt too wide) in paragraph at lines 137--137
[] 
 []

[1


{/usr/local/texlive/2013/texmf-var/fonts/map/pdftex/updmap/pdftex.map} <./figur
es/ldbc-logo.png>]
Overfull \hbox (2.73749pt too wide) in paragraph at lines 137--137
[] 
 []

[2] [3

] (./sib_spec.toc [4

])
\tf@toc=\write3
\openout3 = `sib_spec.toc'.

 [5] (./sib_spec.lof)
\tf@lof=\write4
\openout4 = `sib_spec.lof'.

 [6

] (./sib_spec.lot [7

])
\tf@lot=\write5
\openout5 = `sib_spec.lot'.


[8] (./defs.tex) [9

]
Chapter 1.
(./introduction.tex
LaTeX Font Info:    Try loading font information for OMS+qtm on input line 48.
LaTeX Font Info:    No file OMSqtm.fd. on input line 48.


LaTeX Font Warning: Font shape `OMS/qtm/m/n' undefined
(Font)              using `OMS/cmsy/m/n' instead
(Font)              for symbol `textbullet' on input line 48.

[10

] [11] [12]) [13]
Chapter 2.
(./definition.tex (./data.tex [14

]
<figures/schema/schema.pdf, id=53, 1267.22273pt x 914.82715pt>
File: figures/schema/schema.pdf Graphic file (type pdf)

<use figures/schema/schema.pdf>
Package pdftex.def Info: figures/schema/schema.pdf used on input line 61.
(pdftex.def)             Requested size: 627.379pt x 452.91762pt.
 [15 <./figures/schema/schema.pdf>] [16


]
[17]
Underfull \hbox (badness 3312) in paragraph at lines 286--287
[]\T1/qtm/b/n/10.95 Description: \T1/qtm/m/n/10.95 The Date the per-son
 []


Overfull \hbox (3.91072pt too wide) in paragraph at lines 290--290
[]\T1/qtm/m/n/10.95 hasModerator| 
 []


Overfull \hbox (3.09445pt too wide) in alignment at lines 272--337
 [] [] [] [] [] 
 []


Underfull \hbox (badness 4416) in paragraph at lines 342--343
[]\T1/qtm/b/n/10.95 Description: \T1/qtm/m/n/10.95 The year the per-son
 []


Overfull \hbox (3.09445pt too wide) in alignment at lines 337--348
 [] [] [] [] [] 
 []


Overfull \hbox (3.09445pt too wide) has occurred while \output is active
 [] [] [] [] [] 
 []

[18]
Overfull \hbox (3.09445pt too wide) has occurred while \output is active
 [] [] [] [] [] 
 []

[19] [20] <figures/sndg/execution.pdf, id=90, 845.04686pt x 642.4pt>
File: figures/sndg/execution.pdf Graphic file (type pdf)

<use figures/sndg/execution.pdf>
Package pdftex.def Info: figures/sndg/execution.pdf used on input line 481.
(pdftex.def)             Requested size: 483.69684pt x 367.70096pt.
 [21]
Missing character: There is no â in font cmr10!
Missing character: There is no † in font cmr10!
Missing character: There is no ’ in font cmr10!
 [22 <./figures/sndg/execution.pdf>]
[23]) (./workloads.tex (./workloads/interactive.tex [24]
LaTeX Font Info:    Try loading font information for T1+cmtt on input line 96.

(/usr/local/texlive/2013/texmf-dist/tex/latex/base/t1cmtt.fd
File: t1cmtt.fd 1999/05/25 v2.5h Standard LaTeX font definitions
) [25] [26]
Overfull \hbox (295.79338pt too wide) in paragraph at lines 209--219
[][]  
 []


Overfull \hbox (272.01335pt too wide) in paragraph at lines 258--262
[][]  
 []


Overfull \hbox (236.23335pt too wide) in paragraph at lines 270--274
[][]  
 []


Overfull \hbox (266.24338pt too wide) in paragraph at lines 275--280
[][]  
 []

[27]
Overfull \hbox (264.53337pt too wide) in paragraph at lines 291--294
[][]  
 []


Overfull \hbox (411.93338pt too wide) in paragraph at lines 295--305
[][]  
 []


Overfull \hbox (220.62337pt too wide) in paragraph at lines 311--314
[][]  
 []


Overfull \hbox (305.65338pt too wide) in paragraph at lines 315--323
[][]  
 []


Overfull \hbox (228.95337pt too wide) in paragraph at lines 335--339
[][]  
 []


Overfull \hbox (397.26338pt too wide) in paragraph at lines 340--348
[][]  
 []

[28]
Overfull \hbox (264.53337pt too wide) in paragraph at lines 363--367
[][]  
 []


Overfull \hbox (359.58339pt too wide) in paragraph at lines 368--376
[][]  
 []


Overfull \hbox (283.67336pt too wide) in paragraph at lines 385--390
[][]  
 []


Overfull \hbox (376.46338pt too wide) in paragraph at lines 391--398
[][]  
 []


Overfull \hbox (230.12337pt too wide) in paragraph at lines 413--417
[][]  
 []


Overfull \hbox (295.79338pt too wide) in paragraph at lines 418--425
[][]  
 []


Overfull \hbox (220.62337pt too wide) in paragraph at lines 438--442
[][]  
 []

[29]
Overfull \hbox (252.28337pt too wide) in paragraph at lines 443--446
[][]  
 []


Overfull \hbox (220.62337pt too wide) in paragraph at lines 464--468
[][]  
 []


Overfull \hbox (263.68336pt too wide) in paragraph at lines 469--473
[][]  
 []

(./workloads/parameters.tex [30]) (./workloads/workload.tex)))) [31]
Chapter 3.
(./instructions.tex (./data_generation.tex
(/usr/local/texlive/2013/texmf-dist/tex/latex/listings/lstlang1.sty
File: lstlang1.sty 2004/09/05 1.3 listings language file
)
(/usr/local/texlive/2013/texmf-dist/tex/latex/listings/lstlang1.sty
File: lstlang1.sty 2004/09/05 1.3 listings language file
) [32

]
[33]
Overfull \hbox (9.77362pt too wide) in paragraph at lines 103--172
 [][] 
 []

[34] [35


]
Overfull \hbox (9.77362pt too wide) in paragraph at lines 192--243
 [][] 
 []

[36]) (./running.tex [37


]
Overfull \hbox (44.12161pt too wide) in paragraph at lines 140--295
 [] 
 []


LaTeX Warning: `!h' float specifier changed to `!ht'.


Overfull \hbox (35.92627pt too wide) in paragraph at lines 334--334
[]\T1/cmtt/m/n/9 usage: java -cp core-VERSION.jar com.ldbc.driver.Client [-db <
classname>] [-del <duration>] [-gctd <duration>][] 
 []

[38]
Overfull \hbox (12.30704pt too wide) in paragraph at lines 334--334
[]       \T1/cmtt/m/n/9 [-oc <count>] [-P <file1:file2>] [-p <key=value>] [-pid
s <peerId1:peerId2>] [-rf <path>] [-s] [-tc[] 
 []


Overfull \hbox (17.03088pt too wide) in paragraph at lines 334--334
[]   \T1/cmtt/m/n/9 -del,--toleratedexecutiondelay <duration>     duration (ms)
 an operation handler may miss its scheduled[] 
 []


Overfull \hbox (21.75473pt too wide) in paragraph at lines 334--334
[]   \T1/cmtt/m/n/9 -P <file1:file2>                              load properti
es from file(s) - files will be loaded in the[] 
 []

[39]
Overfull \hbox (7.58319pt too wide) in paragraph at lines 334--334
[]                                                 \T1/cmtt/m/n/9 first files a
re highest priority; later values will not[] 
 []


Overfull \hbox (7.58319pt too wide) in paragraph at lines 334--334
[]   \T1/cmtt/m/n/9 -p <key=value>                                properties to
 be passed to DB and Workload - these will[] 
 []


Overfull \hbox (17.03088pt too wide) in paragraph at lines 334--334
[]   \T1/cmtt/m/n/9 -rf,--resultfile <path>                       where benchma
rk results JSON file will be written (null =[] 
 []


Overfull \hbox (7.58319pt too wide) in paragraph at lines 334--334
[]                                                 \T1/cmtt/m/n/9 default:MILLI
SECONDS, valid:[NANOSECONDS, MICROSECONDS,[] 
 []

) (./results.tex [40]) (./validation.tex
Underfull \hbox (badness 10000) in paragraph at lines 40--42
\T1/qtm/m/n/10.95 Person-studyAt->Company-isLocatedIn-
 []


Underfull \hbox (badness 10000) in paragraph at lines 44--46
\T1/qtm/m/n/10.95 Person-workAt->Company-isLocatedIn-
 []

[41] [42] [43] [44]
Underfull \hbox (badness 10000) in paragraph at lines 383--384
[]\T1/qtm/m/n/10.95 Adolf_Hitler, Ben-ito_Mussolini,
 []


Underfull \hbox (badness 1360) in paragraph at lines 383--384
\T1/qtm/m/n/10.95 Carl_Gustaf_Emil_Mannerheim, Manuel_Noriega,
 []


Underfull \hbox (badness 10000) in paragraph at lines 383--384
\T1/qtm/m/n/10.95 Mikhail_Gorbachev, Ruhol-lah_Khomeini,
 []

)) (./sib_spec.bbl [45]) [46

]
Appendix A.
(./sib_implementation.tex
Overfull \hbox (8.58144pt too wide) in paragraph at lines 88--88
[] \T1/cmtt/m/n/10.95 sparql select ?fr ?last min(?dist) as ?mindist  ?bday ?si
nce ?gen ?browser ?locationIP[] 
 []

[47

] [48] [49]
Overfull \hbox (8.58144pt too wide) in paragraph at lines 232--232
[]           \T1/cmtt/m/n/10.95 {sn:pers%Person% snvoc:knows ?fr.} union { sn:p
ers%Person% snvoc:knows ?fr2.[] 
 []


Overfull \hbox (8.58144pt too wide) in paragraph at lines 232--232
[]                                                      \T1/cmtt/m/n/10.95 filt
er (?fr != sn:pers%Person%) }[] 
 []

[50]
Overfull \hbox (19.89818pt too wide) in paragraph at lines 252--252
[]  \T1/cmtt/m/n/10.95 ?liker snvoc:likes ?lk . ?liker  snvoc:firstName ?first 
. ?liker snvoc:lastName ?last .[] 
 []

[51]
Overfull \hbox (19.89818pt too wide) in paragraph at lines 339--339
[]               \T1/cmtt/m/n/10.95 if (bif:month (?bday) = %HS1%, if (bif:dayo
fmonth(?bday) < 22, 1, 0), 0)))[] 
 []

[52]
Overfull \hbox (8.58144pt too wide) in paragraph at lines 367--367
[]           \T1/cmtt/m/n/10.95 {sn:pers%Person% snvoc:knows ?fr.} union { sn:p
ers%Person% snvoc:knows ?fr2.[] 
 []


Overfull \hbox (8.58144pt too wide) in paragraph at lines 367--367
[]                                                      \T1/cmtt/m/n/10.95 filt
er (?fr != sn:pers%Person%) }[] 
 []

[53] [54]
Overfull \hbox (2.92307pt too wide) in paragraph at lines 491--491
[]    \T1/cmtt/m/n/10.95 select ?via1 ?via2 ?path_no ?step_no sql:c_weight_spar
ql(?via1, ?via2) as ?cweight[] 
 []

[55]
Overfull \hbox (19.89818pt too wide) in paragraph at lines 552--552
[]       \T1/cmtt/m/n/10.95 (select group_concat (o2.o_name || ' ' || pu_classy
ear || ' ' || p2.pl_name, ', ')[] 
 []


Overfull \hbox (14.2398pt too wide) in paragraph at lines 552--552
[]       \T1/cmtt/m/n/10.95 (select group_concat (o3.o_name || ' ' || pc_workfr
om || ' ' || p3.pl_name, ', ')[] 
 []


Overfull \hbox (8.58144pt too wide) in paragraph at lines 566--566
[]\T1/cmtt/m/n/10.95 select top 20 p_personid as personid, p_firstname as first
name, p_lastname as lastname,[] 
 []

[56]
Overfull \hbox (48.19003pt too wide) in paragraph at lines 566--566
[]       \T1/cmtt/m/n/10.95 ps_postid as id, ps_content || ps_imagefile as cont
ent, ps_creationdate as creationdate[] 
 []


Overfull \hbox (14.2398pt too wide) in paragraph at lines 616--616
[]            \T1/cmtt/m/n/10.95 stringdate('@Date0@') and dateadd ('day', @Dur
ation@, stringdate('@Date0@'))[] 
 []

[57] [58] [59] [60] [61] [62]
Overfull \hbox (42.53166pt too wide) in paragraph at lines 948--948
[]    \T1/cmtt/m/n/10.95 str := str || sprintf (' %d->%d (%d) ', st[0], coalesc
e (st[1], 0), coalesce (st[2], 0));[] 
 []


Overfull \hbox (19.89818pt too wide) in paragraph at lines 948--948
[]  \T1/cmtt/m/n/10.95 (select path_no, vector_agg (vector (via1, via2, cweight
)) as path, sum (cweight) as sc[] 
 []


Overfull \hbox (42.53166pt too wide) in paragraph at lines 948--948
[]                  \T1/cmtt/m/n/10.95 t_step ('path_id') as path_no, t_step ('
step_no') as step_no from knows) kt[] 
 []

[63] [64] [65] [66] [67]) [68]
Appendix B.
(./sf_statistics.tex [69

]
<figures/scalefactor/numFriendsCumm1.pdf, id=261, 505.89pt x 505.89pt>
File: figures/scalefactor/numFriendsCumm1.pdf Graphic file (type pdf)

<use figures/scalefactor/numFriendsCumm1.pdf>
Package pdftex.def Info: figures/scalefactor/numFriendsCumm1.pdf used on input 
line 112.
(pdftex.def)             Requested size: 154.78653pt x 154.78639pt.

<figures/scalefactor/numPostsUserHist1.pdf, id=263, 505.89pt x 505.89pt>
File: figures/scalefactor/numPostsUserHist1.pdf Graphic file (type pdf)

<use figures/scalefactor/numPostsUserHist1.pdf>
Package pdftex.def Info: figures/scalefactor/numPostsUserHist1.pdf used on inpu
t line 113.
(pdftex.def)             Requested size: 154.78653pt x 154.78639pt.

<figures/scalefactor/numCommentsUserHist1.pdf, id=265, 505.89pt x 505.89pt>
File: figures/scalefactor/numCommentsUserHist1.pdf Graphic file (type pdf)

<use figures/scalefactor/numCommentsUserHist1.pdf>
Package pdftex.def Info: figures/scalefactor/numCommentsUserHist1.pdf used on i
nput line 114.
(pdftex.def)             Requested size: 154.78653pt x 154.78639pt.
 [70 <./figures/scalefactor/numFriendsCumm1.pdf> <./figures/scalefactor/numPost
sUserHist1.pdf> <./figures/scalefactor/numCommentsUserHist1.pdf>] [71]
<figures/scalefactor/numFriendsCumm3.pdf, id=295, 505.89pt x 505.89pt>
File: figures/scalefactor/numFriendsCumm3.pdf Graphic file (type pdf)

<use figures/scalefactor/numFriendsCumm3.pdf>
Package pdftex.def Info: figures/scalefactor/numFriendsCumm3.pdf used on input 
line 230.
(pdftex.def)             Requested size: 154.78653pt x 154.78639pt.

<figures/scalefactor/numPostsUserHist3.pdf, id=297, 505.89pt x 505.89pt>
File: figures/scalefactor/numPostsUserHist3.pdf Graphic file (type pdf)

<use figures/scalefactor/numPostsUserHist3.pdf>
Package pdftex.def Info: figures/scalefactor/numPostsUserHist3.pdf used on inpu
t line 231.
(pdftex.def)             Requested size: 154.78653pt x 154.78639pt.

<figures/scalefactor/numCommentsUserHist3.pdf, id=299, 505.89pt x 505.89pt>
File: figures/scalefactor/numCommentsUserHist3.pdf Graphic file (type pdf)

<use figures/scalefactor/numCommentsUserHist3.pdf>
Package pdftex.def Info: figures/scalefactor/numCommentsUserHist3.pdf used on i
nput line 232.
(pdftex.def)             Requested size: 154.78653pt x 154.78639pt.
 [72 <./figures/scalefactor/numFriendsCumm3.pdf> <./figures/scalefactor/numPost
sUserHist3.pdf> <./figures/scalefactor/numCommentsUserHist3.pdf>] [73]
<figures/scalefactor/numFriendsCumm10.pdf, id=331, 505.89pt x 505.89pt>
File: figures/scalefactor/numFriendsCumm10.pdf Graphic file (type pdf)

<use figures/scalefactor/numFriendsCumm10.pdf>
Package pdftex.def Info: figures/scalefactor/numFriendsCumm10.pdf used on input
 line 347.
(pdftex.def)             Requested size: 154.78653pt x 154.78639pt.

<figures/scalefactor/numPostsUserHist10.pdf, id=333, 505.89pt x 505.89pt>
File: figures/scalefactor/numPostsUserHist10.pdf Graphic file (type pdf)

<use figures/scalefactor/numPostsUserHist10.pdf>
Package pdftex.def Info: figures/scalefactor/numPostsUserHist10.pdf used on inp
ut line 348.
(pdftex.def)             Requested size: 154.78653pt x 154.78639pt.

<figures/scalefactor/numCommentsUserHist10.pdf, id=335, 505.89pt x 505.89pt>
File: figures/scalefactor/numCommentsUserHist10.pdf Graphic file (type pdf)

<use figures/scalefactor/numCommentsUserHist10.pdf>
Package pdftex.def Info: figures/scalefactor/numCommentsUserHist10.pdf used on 
input line 349.
(pdftex.def)             Requested size: 154.78653pt x 154.78639pt.
 [74 <./figures/scalefactor/numFriendsCumm10.pdf> <./figures/scalefactor/numPos
tsUserHist10.pdf> <./figures/scalefactor/numCommentsUserHist10.pdf>] [75]
<figures/scalefactor/numFriendsCumm30.pdf, id=365, 505.89pt x 505.89pt>
File: figures/scalefactor/numFriendsCumm30.pdf Graphic file (type pdf)

<use figures/scalefactor/numFriendsCumm30.pdf>
Package pdftex.def Info: figures/scalefactor/numFriendsCumm30.pdf used on input
 line 464.
(pdftex.def)             Requested size: 154.78653pt x 154.78639pt.

<figures/scalefactor/numPostsUserHist30.pdf, id=367, 505.89pt x 505.89pt>
File: figures/scalefactor/numPostsUserHist30.pdf Graphic file (type pdf)

<use figures/scalefactor/numPostsUserHist30.pdf>
Package pdftex.def Info: figures/scalefactor/numPostsUserHist30.pdf used on inp
ut line 465.
(pdftex.def)             Requested size: 154.78653pt x 154.78639pt.

<figures/scalefactor/numCommentsUserHist30.pdf, id=369, 505.89pt x 505.89pt>
File: figures/scalefactor/numCommentsUserHist30.pdf Graphic file (type pdf)

<use figures/scalefactor/numCommentsUserHist30.pdf>
Package pdftex.def Info: figures/scalefactor/numCommentsUserHist30.pdf used on 
input line 466.
(pdftex.def)             Requested size: 154.78653pt x 154.78639pt.
 [76 <./figures/scalefactor/numFriendsCumm30.pdf> <./figures/scalefactor/numPos
tsUserHist30.pdf> <./figures/scalefactor/numCommentsUserHist30.pdf>] [77]
<figures/scalefactor/numFriendsCumm100.pdf, id=399, 505.89pt x 505.89pt>
File: figures/scalefactor/numFriendsCumm100.pdf Graphic file (type pdf)

<use figures/scalefactor/numFriendsCumm100.pdf>
Package pdftex.def Info: figures/scalefactor/numFriendsCumm100.pdf used on inpu
t line 581.
(pdftex.def)             Requested size: 154.78653pt x 154.78639pt.

<figures/scalefactor/numPostsUserHist100.pdf, id=401, 505.89pt x 505.89pt>
File: figures/scalefactor/numPostsUserHist100.pdf Graphic file (type pdf)

<use figures/scalefactor/numPostsUserHist100.pdf>
Package pdftex.def Info: figures/scalefactor/numPostsUserHist100.pdf used on in
put line 582.
(pdftex.def)             Requested size: 154.78653pt x 154.78639pt.

<figures/scalefactor/numCommentsUserHist100.pdf, id=403, 505.89pt x 505.89pt>
File: figures/scalefactor/numCommentsUserHist100.pdf Graphic file (type pdf)

<use figures/scalefactor/numCommentsUserHist100.pdf>
Package pdftex.def Info: figures/scalefactor/numCommentsUserHist100.pdf used on
 input line 583.
(pdftex.def)             Requested size: 154.78653pt x 154.78639pt.
 [78 <./figures/scalefactor/numFriendsCumm100.pdf> <./figures/scalefactor/numPo
stsUserHist100.pdf> <./figures/scalefactor/numCommentsUserHist100.pdf>] [79]
<figures/scalefactor/numFriendsCumm300.pdf, id=434, 505.89pt x 505.89pt>
File: figures/scalefactor/numFriendsCumm300.pdf Graphic file (type pdf)

<use figures/scalefactor/numFriendsCumm300.pdf>
Package pdftex.def Info: figures/scalefactor/numFriendsCumm300.pdf used on inpu
t line 698.
(pdftex.def)             Requested size: 154.78653pt x 154.78639pt.

<figures/scalefactor/numPostsUserHist300.pdf, id=436, 505.89pt x 505.89pt>
File: figures/scalefactor/numPostsUserHist300.pdf Graphic file (type pdf)

<use figures/scalefactor/numPostsUserHist300.pdf>
Package pdftex.def Info: figures/scalefactor/numPostsUserHist300.pdf used on in
put line 699.
(pdftex.def)             Requested size: 154.78653pt x 154.78639pt.

<figures/scalefactor/numCommentsUserHist300.pdf, id=438, 505.89pt x 505.89pt>
File: figures/scalefactor/numCommentsUserHist300.pdf Graphic file (type pdf)

<use figures/scalefactor/numCommentsUserHist300.pdf>
Package pdftex.def Info: figures/scalefactor/numCommentsUserHist300.pdf used on
 input line 700.
(pdftex.def)             Requested size: 154.78653pt x 154.78639pt.
 [80 <./figures/scalefactor/numFriendsCumm300.pdf> <./figures/scalefactor/numPo
stsUserHist300.pdf> <./figures/scalefactor/numCommentsUserHist300.pdf>]
<figures/scalefactor/numFriendsCumm1000.pdf, id=465, 505.89pt x 505.89pt>
File: figures/scalefactor/numFriendsCumm1000.pdf Graphic file (type pdf)

<use figures/scalefactor/numFriendsCumm1000.pdf>
Package pdftex.def Info: figures/scalefactor/numFriendsCumm1000.pdf used on inp
ut line 806.
(pdftex.def)             Requested size: 154.78653pt x 154.78639pt.

<figures/scalefactor/numPostsUserHist1000.pdf, id=467, 505.89pt x 505.89pt>
File: figures/scalefactor/numPostsUserHist1000.pdf Graphic file (type pdf)

<use figures/scalefactor/numPostsUserHist1000.pdf>
Package pdftex.def Info: figures/scalefactor/numPostsUserHist1000.pdf used on i
nput line 807.
(pdftex.def)             Requested size: 154.78653pt x 154.78639pt.
) [81]

AED: lastpage setting LastPage
[82 <./figures/scalefactor/numFriendsCumm1000.pdf> <./figures/scalefactor/numPo
stsUserHist1000.pdf>] (./sib_spec.aux)

LaTeX Font Warning: Size substitutions with differences
(Font)              up to 3.73184pt have occurred.


LaTeX Font Warning: Some font shapes were not available, defaults substituted.


LaTeX Warning: There were multiply-defined labels.

 ) 
Here is how much of TeX's memory you used:
 6070 strings out of 493315
 84845 string characters out of 6137904
 200530 words of memory out of 5000000
 9281 multiletter control sequences out of 15000+600000
 78337 words of font info for 101 fonts, out of 8000000 for 9000
 957 hyphenation exceptions out of 8191
 44i,12n,51p,706b,994s stack positions out of 5000i,500n,10000p,200000b,80000s
{/usr/local/texlive/2013/texmf-dist/fonts/enc/dvips/cm-super/cm-super-t1.enc}
{/usr/local/texlive/2013/texmf-dist/fonts/enc/dvips/tex-gyre/q-ec.enc}{/usr/loc
al/texlive/2013/texmf-dist/fonts/enc/dvips/tex-gyre/q-ec-sc.enc}</usr/local/tex
live/2013/texmf-dist/fonts/type1/public/amsfonts/cm/cmmi10.pfb></usr/local/texl
ive/2013/texmf-dist/fonts/type1/public/amsfonts/cm/cmr10.pfb></usr/local/texliv
e/2013/texmf-dist/fonts/type1/public/amsfonts/cm/cmsy10.pfb></usr/local/texlive
/2013/texmf-dist/fonts/type1/public/tex-gyre/qtmb.pfb></usr/local/texlive/2013/
texmf-dist/fonts/type1/public/tex-gyre/qtmbi.pfb></usr/local/texlive/2013/texmf
-dist/fonts/type1/public/tex-gyre/qtmr.pfb></usr/local/texlive/2013/texmf-dist/
fonts/type1/public/tex-gyre/qtmri.pfb></usr/local/texlive/2013/texmf-dist/fonts
/type1/public/cm-super/sftt0900.pfb></usr/local/texlive/2013/texmf-dist/fonts/t
ype1/public/cm-super/sftt1000.pfb></usr/local/texlive/2013/texmf-dist/fonts/typ
e1/public/cm-super/sftt1095.pfb>
Output written on sib_spec.pdf (82 pages, 565190 bytes).
PDF statistics:
 531 PDF objects out of 1000 (max. 8388607)
 364 compressed objects within 4 object streams
 0 named destinations out of 1000 (max. 500000)
 236 words of extra memory for PDF output out of 10000 (max. 10000000)

